-------------------------------------------------------------------------------
Test set: com.xxx.DateUtilTest
-------------------------------------------------------------------------------
Tests run: 1, Failures: 1, Errors: 0, Skipped: 0, Time elapsed: 0 s <<< FAILURE! - in com.xxx.DateUtilTest
Test(com.xxx.DateUtilTest)  Time elapsed: 0 s  <<< FAILURE!
java.lang.AssertionError: expected:<true> but was:<false>
	at com.xxx.DateUtilTest.Test(DateUtilTest.java:20)

